PS2-Packer v0.4.4 (C) 2004-2005 Nicolas "Pixel" Noble
This is free software with ABSOLUTELY NO WARRANTY.

Compressing BOOT.ELF...
File compressed, from 166152 to 66292 bytes, ratio = 60.10%
[vie. 29/01/2021-23:19:26,29]=============================
PS2-Packer v0.4.4 (C) 2004-2005 Nicolas "Pixel" Noble
This is free software with ABSOLUTELY NO WARRANTY.

Compressing BOOT.ELF...
File compressed, from 166152 to 66292 bytes, ratio = 60.10%
[vie. 29/01/2021-23:19:37,24]=============================
PS2-Packer v0.4.4 (C) 2004-2005 Nicolas "Pixel" Noble
This is free software with ABSOLUTELY NO WARRANTY.

Compressing BOOT.ELF...
File compressed, from 166408 to 66292 bytes, ratio = 60.16%
[vie. 29/01/2021-23:29:37,44]=============================
PS2-Packer v0.4.4 (C) 2004-2005 Nicolas "Pixel" Noble
This is free software with ABSOLUTELY NO WARRANTY.

Compressing BOOT.ELF...
File compressed, from 166408 to 66308 bytes, ratio = 60.15%
[vie. 29/01/2021-23:33:02,60]=============================
PS2-Packer v0.4.4 (C) 2004-2005 Nicolas "Pixel" Noble
This is free software with ABSOLUTELY NO WARRANTY.

Compressing BOOT.ELF...
File compressed, from 166408 to 66308 bytes, ratio = 60.15%
[vie. 29/01/2021-23:35:15,89]=============================
PS2-Packer v0.4.4 (C) 2004-2005 Nicolas "Pixel" Noble
This is free software with ABSOLUTELY NO WARRANTY.

Compressing BOOT.ELF...
File compressed, from 166408 to 66292 bytes, ratio = 60.16%
[vie. 29/01/2021-23:37:47,60]=============================
PS2-Packer v0.4.4 (C) 2004-2005 Nicolas "Pixel" Noble
This is free software with ABSOLUTELY NO WARRANTY.

Compressing BOOT.ELF...
File compressed, from 166408 to 66308 bytes, ratio = 60.15%
[vie. 29/01/2021-23:39:32,41]=============================
PS2-Packer v0.4.4 (C) 2004-2005 Nicolas "Pixel" Noble
This is free software with ABSOLUTELY NO WARRANTY.

Compressing BOOT.ELF...
File compressed, from 166408 to 66308 bytes, ratio = 60.15%
[vie. 29/01/2021-23:42:23,70]=============================
PS2-Packer v0.4.4 (C) 2004-2005 Nicolas "Pixel" Noble
This is free software with ABSOLUTELY NO WARRANTY.

Compressing BOOT.ELF...
File compressed, from 166408 to 66308 bytes, ratio = 60.15%
[vie. 29/01/2021-23:43:58,32]=============================
PS2-Packer v0.4.4 (C) 2004-2005 Nicolas "Pixel" Noble
This is free software with ABSOLUTELY NO WARRANTY.

Compressing BOOT.ELF...
File compressed, from 166408 to 66308 bytes, ratio = 60.15%
[vie. 29/01/2021-23:46:02,12]=============================
PS2-Packer v0.4.4 (C) 2004-2005 Nicolas "Pixel" Noble
This is free software with ABSOLUTELY NO WARRANTY.

Compressing BOOT.ELF...
File compressed, from 166408 to 66308 bytes, ratio = 60.15%
[vie. 29/01/2021-23:49:07,05]=============================
PS2-Packer v0.4.4 (C) 2004-2005 Nicolas "Pixel" Noble
This is free software with ABSOLUTELY NO WARRANTY.

Compressing BOOT.ELF...
File compressed, from 166408 to 66308 bytes, ratio = 60.15%
[vie. 29/01/2021-23:51:53,55]=============================
